This is pdfTeX, Version 3.1415926-2.5-1.40.14 (TeX Live 2013) (format=pdflatex 2014.4.5)  22 DEC 2014 01:31
entering extended mode
 restricted \write18 enabled.
 file:line:error style messages enabled.
 %&-line parsing enabled.
**bare_conf.tex
(./bare_conf.tex
LaTeX2e <2011/06/27>
Babel <3.9f> and hyphenation patterns for 78 languages loaded.
(./IEEEtran.cls
Document Class: IEEEtran 2007/03/05 V1.7a by Michael Shell
-- See the "IEEEtran_HOWTO" manual for usage information.
-- http://www.michaelshell.org/tex/ieeetran/
\@IEEEtrantmpdimenA=\dimen102
\@IEEEtrantmpdimenB=\dimen103
\@IEEEtrantmpcountA=\count79
\@IEEEtrantmpcountB=\count80
\@IEEEtrantmptoksA=\toks14
LaTeX Font Info:    Try loading font information for OT1+ptm on input line 373.

(/usr/local/texlive/2013/texmf-dist/tex/latex/psnfss/ot1ptm.fd
File: ot1ptm.fd 2001/06/04 font definitions for OT1/ptm.
)
-- Using 8.5in x 11in (letter) paper.
-- Using PDF output.
\@IEEEnormalsizeunitybaselineskip=\dimen104
-- This is a 10 point document.
\CLASSINFOnormalsizebaselineskip=\dimen105
\CLASSINFOnormalsizeunitybaselineskip=\dimen106
\IEEEnormaljot=\dimen107
LaTeX Font Info:    Font shape `OT1/ptm/bx/n' in size <5> not available
(Font)              Font shape `OT1/ptm/b/n' tried instead on input line 731.
LaTeX Font Info:    Font shape `OT1/ptm/bx/it' in size <5> not available
(Font)              Font shape `OT1/ptm/b/it' tried instead on input line 731.
LaTeX Font Info:    Font shape `OT1/ptm/bx/n' in size <7> not available
(Font)              Font shape `OT1/ptm/b/n' tried instead on input line 731.
LaTeX Font Info:    Font shape `OT1/ptm/bx/it' in size <7> not available
(Font)              Font shape `OT1/ptm/b/it' tried instead on input line 731.
LaTeX Font Info:    Font shape `OT1/ptm/bx/n' in size <8> not available
(Font)              Font shape `OT1/ptm/b/n' tried instead on input line 731.
LaTeX Font Info:    Font shape `OT1/ptm/bx/it' in size <8> not available
(Font)              Font shape `OT1/ptm/b/it' tried instead on input line 731.
LaTeX Font Info:    Font shape `OT1/ptm/bx/n' in size <9> not available
(Font)              Font shape `OT1/ptm/b/n' tried instead on input line 731.
LaTeX Font Info:    Font shape `OT1/ptm/bx/it' in size <9> not available
(Font)              Font shape `OT1/ptm/b/it' tried instead on input line 731.
LaTeX Font Info:    Font shape `OT1/ptm/bx/n' in size <10> not available
(Font)              Font shape `OT1/ptm/b/n' tried instead on input line 731.
LaTeX Font Info:    Font shape `OT1/ptm/bx/it' in size <10> not available
(Font)              Font shape `OT1/ptm/b/it' tried instead on input line 731.
LaTeX Font Info:    Font shape `OT1/ptm/bx/n' in size <11> not available
(Font)              Font shape `OT1/ptm/b/n' tried instead on input line 731.
LaTeX Font Info:    Font shape `OT1/ptm/bx/it' in size <11> not available
(Font)              Font shape `OT1/ptm/b/it' tried instead on input line 731.
LaTeX Font Info:    Font shape `OT1/ptm/bx/n' in size <12> not available
(Font)              Font shape `OT1/ptm/b/n' tried instead on input line 731.
LaTeX Font Info:    Font shape `OT1/ptm/bx/it' in size <12> not available
(Font)              Font shape `OT1/ptm/b/it' tried instead on input line 731.
LaTeX Font Info:    Font shape `OT1/ptm/bx/n' in size <17> not available
(Font)              Font shape `OT1/ptm/b/n' tried instead on input line 731.
LaTeX Font Info:    Font shape `OT1/ptm/bx/it' in size <17> not available
(Font)              Font shape `OT1/ptm/b/it' tried instead on input line 731.
LaTeX Font Info:    Font shape `OT1/ptm/bx/n' in size <20> not available
(Font)              Font shape `OT1/ptm/b/n' tried instead on input line 731.
LaTeX Font Info:    Font shape `OT1/ptm/bx/it' in size <20> not available
(Font)              Font shape `OT1/ptm/b/it' tried instead on input line 731.
LaTeX Font Info:    Font shape `OT1/ptm/bx/n' in size <24> not available
(Font)              Font shape `OT1/ptm/b/n' tried instead on input line 731.
LaTeX Font Info:    Font shape `OT1/ptm/bx/it' in size <24> not available
(Font)              Font shape `OT1/ptm/b/it' tried instead on input line 731.
\IEEEilabelindentA=\dimen108
\IEEEilabelindentB=\dimen109
\IEEEilabelindent=\dimen110
\IEEEelabelindent=\dimen111
\IEEEdlabelindent=\dimen112
\IEEElabelindent=\dimen113
\IEEEiednormlabelsep=\dimen114
\IEEEiedmathlabelsep=\dimen115
\IEEEiedtopsep=\skip41
\c@section=\count81
\c@subsection=\count82
\c@subsubsection=\count83
\c@paragraph=\count84
\c@IEEEsubequation=\count85
\abovecaptionskip=\skip42
\belowcaptionskip=\skip43
\c@figure=\count86
\c@table=\count87
\@IEEEeqnnumcols=\count88
\@IEEEeqncolcnt=\count89
\@IEEEtmpitemindent=\dimen116
\c@IEEEbiography=\count90
\@IEEEtranrubishbin=\box26
) (/usr/local/texlive/2013/texmf-dist/tex/latex/graphics/graphicx.sty
Package: graphicx 1999/02/16 v1.0f Enhanced LaTeX Graphics (DPC,SPQR)

(/usr/local/texlive/2013/texmf-dist/tex/latex/graphics/keyval.sty
Package: keyval 1999/03/16 v1.13 key=value parser (DPC)
\KV@toks@=\toks15
)
(/usr/local/texlive/2013/texmf-dist/tex/latex/graphics/graphics.sty
Package: graphics 2009/02/05 v1.0o Standard LaTeX Graphics (DPC,SPQR)

(/usr/local/texlive/2013/texmf-dist/tex/latex/graphics/trig.sty
Package: trig 1999/03/16 v1.09 sin cos tan (DPC)
)
(/usr/local/texlive/2013/texmf-dist/tex/latex/latexconfig/graphics.cfg
File: graphics.cfg 2010/04/23 v1.9 graphics configuration of TeX Live
)
Package graphics Info: Driver file: pdftex.def on input line 91.

(/usr/local/texlive/2013/texmf-dist/tex/latex/pdftex-def/pdftex.def
File: pdftex.def 2011/05/27 v0.06d Graphics/color for pdfTeX

(/usr/local/texlive/2013/texmf-dist/tex/generic/oberdiek/infwarerr.sty
Package: infwarerr 2010/04/08 v1.3 Providing info/warning/error messages (HO)
)
(/usr/local/texlive/2013/texmf-dist/tex/generic/oberdiek/ltxcmds.sty
Package: ltxcmds 2011/11/09 v1.22 LaTeX kernel commands for general use (HO)
)
\Gread@gobject=\count91
))
\Gin@req@height=\dimen117
\Gin@req@width=\dimen118
)
(/usr/local/texlive/2013/texmf-dist/tex/latex/graphics/epsfig.sty
Package: epsfig 1999/02/16 v1.7a (e)psfig emulation (SPQR)
\epsfxsize=\dimen119
\epsfysize=\dimen120
)
(/usr/local/texlive/2013/texmf-dist/tex/latex/subfigure/subfigure.sty
Package: subfigure 2002/03/15 v2.1.5 subfigure package
\subfigtopskip=\skip44
\subfigcapskip=\skip45
\subfigcaptopadj=\dimen121
\subfigbottomskip=\skip46
\subfigcapmargin=\dimen122
\subfiglabelskip=\skip47
\c@subfigure=\count92
\c@lofdepth=\count93
\c@subtable=\count94
\c@lotdepth=\count95

****************************************
* Local config file subfigure.cfg used *
****************************************
(/usr/local/texlive/2013/texmf-dist/tex/latex/subfigure/subfigure.cfg)
\subfig@top=\skip48
\subfig@bottom=\skip49
)
(/usr/local/texlive/2013/texmf-dist/tex/latex/fancyhdr/fancyhdr.sty
\fancy@headwidth=\skip50
\f@ncyO@elh=\skip51
\f@ncyO@erh=\skip52
\f@ncyO@olh=\skip53
\f@ncyO@orh=\skip54
\f@ncyO@elf=\skip55
\f@ncyO@erf=\skip56
\f@ncyO@olf=\skip57
\f@ncyO@orf=\skip58
)
(/usr/local/texlive/2013/texmf-dist/tex/latex/amsmath/amsmath.sty
Package: amsmath 2013/01/14 v2.14 AMS math features
\@mathmargin=\skip59

For additional information on amsmath, use the `?' option.
(/usr/local/texlive/2013/texmf-dist/tex/latex/amsmath/amstext.sty
Package: amstext 2000/06/29 v2.01

(/usr/local/texlive/2013/texmf-dist/tex/latex/amsmath/amsgen.sty
File: amsgen.sty 1999/11/30 v2.0
\@emptytoks=\toks16
\ex@=\dimen123
))
(/usr/local/texlive/2013/texmf-dist/tex/latex/amsmath/amsbsy.sty
Package: amsbsy 1999/11/29 v1.2d
\pmbraise@=\dimen124
)
(/usr/local/texlive/2013/texmf-dist/tex/latex/amsmath/amsopn.sty
Package: amsopn 1999/12/14 v2.01 operator names
)
\inf@bad=\count96
LaTeX Info: Redefining \frac on input line 210.
\uproot@=\count97
\leftroot@=\count98
LaTeX Info: Redefining \overline on input line 306.
\classnum@=\count99
\DOTSCASE@=\count100
LaTeX Info: Redefining \ldots on input line 378.
LaTeX Info: Redefining \dots on input line 381.
LaTeX Info: Redefining \cdots on input line 466.
\Mathstrutbox@=\box27
\strutbox@=\box28
\big@size=\dimen125
LaTeX Font Info:    Redeclaring font encoding OML on input line 566.
LaTeX Font Info:    Redeclaring font encoding OMS on input line 567.
\macc@depth=\count101
\c@MaxMatrixCols=\count102
\dotsspace@=\muskip10
\c@parentequation=\count103
\dspbrk@lvl=\count104
\tag@help=\toks17
\row@=\count105
\column@=\count106
\maxfields@=\count107
\andhelp@=\toks18
\eqnshift@=\dimen126
\alignsep@=\dimen127
\tagshift@=\dimen128
\tagwidth@=\dimen129
\totwidth@=\dimen130
\lineht@=\dimen131
\@envbody=\toks19
\multlinegap=\skip60
\multlinetaggap=\skip61
\mathdisplay@stack=\toks20
LaTeX Info: Redefining \[ on input line 2665.
LaTeX Info: Redefining \] on input line 2666.
)
(/usr/local/texlive/2013/texmf-dist/tex/latex/enumitem/enumitem.sty
Package: enumitem 2011/09/28 v3.5.2 Customized lists


/usr/local/texlive/2013/texmf-dist/tex/latex/enumitem/enumitem.sty:146: LaTeX E
rror: Command \labelindent already defined.
               Or name \end... illegal, see p.192 of the manual.

See the LaTeX manual or LaTeX Companion for explanation.
Type  H <return>  for immediate help.
 ...                                              
                                                  
l.146 \newlength\labelindent
                            
Your command was ignored.
Type  I <command> <return>  to replace it with another command,
or  <return>  to continue without it.

\enit@outerparindent=\dimen132
\enit@toks=\toks21
\enit@inbox=\box29
\enitdp@description=\count108
) (./bare_conf.aux)
\openout1 = `bare_conf.aux'.

LaTeX Font Info:    Checking defaults for OML/cmm/m/it on input line 360.
LaTeX Font Info:    ... okay on input line 360.
LaTeX Font Info:    Checking defaults for T1/cmr/m/n on input line 360.
LaTeX Font Info:    ... okay on input line 360.
LaTeX Font Info:    Checking defaults for OT1/cmr/m/n on input line 360.
LaTeX Font Info:    ... okay on input line 360.
LaTeX Font Info:    Checking defaults for OMS/cmsy/m/n on input line 360.
LaTeX Font Info:    ... okay on input line 360.
LaTeX Font Info:    Checking defaults for OMX/cmex/m/n on input line 360.
LaTeX Font Info:    ... okay on input line 360.
LaTeX Font Info:    Checking defaults for U/cmr/m/n on input line 360.
LaTeX Font Info:    ... okay on input line 360.

(/usr/local/texlive/2013/texmf-dist/tex/context/base/supp-pdf.mkii
[Loading MPS to PDF converter (version 2006.09.02).]
\scratchcounter=\count109
\scratchdimen=\dimen133
\scratchbox=\box30
\nofMPsegments=\count110
\nofMParguments=\count111
\everyMPshowfont=\toks22
\MPscratchCnt=\count112
\MPscratchDim=\dimen134
\MPnumerator=\count113
\makeMPintoPDFobject=\count114
\everyMPtoPDFconversion=\toks23
) (/usr/local/texlive/2013/texmf-dist/tex/generic/oberdiek/pdftexcmds.sty
Package: pdftexcmds 2011/11/29 v0.20 Utility functions of pdfTeX for LuaTeX (HO
)

(/usr/local/texlive/2013/texmf-dist/tex/generic/oberdiek/ifluatex.sty
Package: ifluatex 2010/03/01 v1.3 Provides the ifluatex switch (HO)
Package ifluatex Info: LuaTeX not detected.
)
(/usr/local/texlive/2013/texmf-dist/tex/generic/oberdiek/ifpdf.sty
Package: ifpdf 2011/01/30 v2.3 Provides the ifpdf switch (HO)
Package ifpdf Info: pdfTeX in PDF mode is detected.
)
Package pdftexcmds Info: LuaTeX not detected.
Package pdftexcmds Info: \pdf@primitive is available.
Package pdftexcmds Info: \pdf@ifprimitive is available.
Package pdftexcmds Info: \pdfdraftmode found.
)
(/usr/local/texlive/2013/texmf-dist/tex/latex/oberdiek/epstopdf-base.sty
Package: epstopdf-base 2010/02/09 v2.5 Base part for package epstopdf

(/usr/local/texlive/2013/texmf-dist/tex/latex/oberdiek/grfext.sty
Package: grfext 2010/08/19 v1.1 Manage graphics extensions (HO)

(/usr/local/texlive/2013/texmf-dist/tex/generic/oberdiek/kvdefinekeys.sty
Package: kvdefinekeys 2011/04/07 v1.3 Define keys (HO)
))
(/usr/local/texlive/2013/texmf-dist/tex/latex/oberdiek/kvoptions.sty
Package: kvoptions 2011/06/30 v3.11 Key value format for package options (HO)

(/usr/local/texlive/2013/texmf-dist/tex/generic/oberdiek/kvsetkeys.sty
Package: kvsetkeys 2012/04/25 v1.16 Key value parser (HO)

(/usr/local/texlive/2013/texmf-dist/tex/generic/oberdiek/etexcmds.sty
Package: etexcmds 2011/02/16 v1.5 Avoid name clashes with e-TeX commands (HO)
Package etexcmds Info: Could not find \expanded.
(etexcmds)             That can mean that you are not using pdfTeX 1.50 or
(etexcmds)             that some package has redefined \expanded.
(etexcmds)             In the latter case, load this package earlier.
)))
Package grfext Info: Graphics extension search list:
(grfext)             [.png,.pdf,.jpg,.mps,.jpeg,.jbig2,.jb2,.PNG,.PDF,.JPG,.JPE
G,.JBIG2,.JB2,.eps]
(grfext)             \AppendGraphicsExtensions on input line 452.

(/usr/local/texlive/2013/texmf-dist/tex/latex/latexconfig/epstopdf-sys.cfg
File: epstopdf-sys.cfg 2010/07/13 v1.3 Configuration of (r)epstopdf for TeX Liv
e
))
LaTeX Font Info:    Font shape `OT1/ptm/bx/n' in size <14> not available
(Font)              Font shape `OT1/ptm/b/n' tried instead on input line 410.

Underfull \hbox (badness 10000) in paragraph at lines 413--417

 []


Underfull \hbox (badness 1442) in paragraph at lines 445--446
\OT1/ptm/m/n/10 cap-i-tal-ist fi-nan-cial system[[]]. Re-cently, the num-ber of

 []


Underfull \hbox (badness 10000) in paragraph at lines 445--446

 []


Underfull \hbox (badness 10000) in paragraph at lines 447--448

 []


Underfull \hbox (badness 2865) in paragraph at lines 461--462
[]\OT1/ptm/m/n/10 Much re-search ef-forts has gone into the field of
 []


Underfull \hbox (badness 1484) in paragraph at lines 461--462
\OT1/ptm/m/n/10 The in-di-ca-tors, Price Ra-tio and Price Com-par-i-son do
 []


Underfull \hbox (badness 10000) in paragraph at lines 461--462

 []


Underfull \hbox (badness 2582) in paragraph at lines 463--464
[]\OT1/ptm/m/n/10 The rep-re-sen-ta-tion of time se-ries as an uni-vari-ate
 []


Underfull \hbox (badness 2042) in paragraph at lines 463--464
\OT1/ptm/m/n/10 lin-ear stochas-tic pro-cess is the de-vel-op-ment ba-sis of
 []


Underfull \hbox (badness 10000) in paragraph at lines 463--464

 []

[1{/usr/local/texlive/2013/texmf-var/fonts/map/pdftex/updmap/pdftex.map}


]
Underfull \hbox (badness 2142) in paragraph at lines 465--466
[]\OT1/ptm/m/n/10 When non-linearities are present in the data, non-
 []


Underfull \hbox (badness 10000) in paragraph at lines 465--466

 []


Underfull \hbox (badness 5893) in paragraph at lines 478--479
\OT1/ptm/m/n/10 can rec-om-mend stocks with high-est sim-i-lar-i-ties
 []


Underfull \hbox (badness 3098) in paragraph at lines 478--479
\OT1/ptm/m/n/10 to clients? favourites. The sys-tem uses a J2EE
 []


Underfull \hbox (badness 10000) in paragraph at lines 478--479

 []


Underfull \hbox (badness 1661) in paragraph at lines 480--483
\OT1/ptm/m/n/10 stocks and ex-tract stock in-for-ma-tion from Ya-hoo
 []


Underfull \hbox (badness 10000) in paragraph at lines 480--483

 []


Underfull \hbox (badness 5331) in paragraph at lines 484--486
\OT1/ptm/m/n/10 We crawls Nas-daq stock in-for-ma-tion from the
 []


Underfull \hbox (badness 3396) in paragraph at lines 484--486
\OT1/ptm/m/n/10 Ya-hoo Fi-nance API. The URL of this API is
 []


Underfull \hbox (badness 10000) in paragraph at lines 484--486

 []


Underfull \hbox (badness 10000) in paragraph at lines 487--490

 []

<figures/skeleton.jpg, id=10, 956.57375pt x 381.425pt>
File: figures/skeleton.jpg Graphic file (type jpg)

<use figures/skeleton.jpg>
Package pdftex.def Info: figures/skeleton.jpg used on input line 496.
(pdftex.def)             Requested size: 252.94499pt x 100.85597pt.

Overfull \hbox (9.03374pt too wide) in paragraph at lines 496--497
 [][] 
 []

<figures/flow.jpg, id=11, 522.95375pt x 205.76875pt>
File: figures/flow.jpg Graphic file (type jpg)
 <use figures/flow.jpg>
Package pdftex.def Info: figures/flow.jpg used on input line 503.
(pdftex.def)             Requested size: 252.94499pt x 99.5277pt.

Overfull \hbox (9.03374pt too wide) in paragraph at lines 503--504
 [][] 
 []


Underfull \hbox (badness 10000) in paragraph at lines 511--512

 []

<figures/dataset.jpg, id=12, 491.8375pt x 263.98625pt>
File: figures/dataset.jpg Graphic file (type jpg)

<use figures/dataset.jpg>
Package pdftex.def Info: figures/dataset.jpg used on input line 517.
(pdftex.def)             Requested size: 252.94499pt x 135.76309pt.

Overfull \hbox (9.03374pt too wide) in paragraph at lines 517--518
 [][] 
 []

[2 <./figures/skeleton.jpg> <./figures/flow.jpg>]
Underfull \hbox (badness 10000) in paragraph at lines 528--529

 []

Missing character: There is no ã in font ptmr7t!
Missing character: There is no € in font ptmr7t!
Missing character: There is no € in font ptmr7t!

Overfull \hbox (4.23216pt too wide) in paragraph at lines 563--564
[] \OT1/ptm/m/n/10 com-ple-men-tary[]episode$\OT1/cmr/m/n/10 [$\OT1/ptm/m/n/10 
complementary[]episode[]index$\OT1/cmr/m/n/10 ]$ 
 []


Underfull \hbox (badness 1721) in paragraph at lines 589--590
\OT1/ptm/m/n/10 into a string sim-i-lar-ity check-ing.After we've got two
 []


Underfull \hbox (badness 10000) in paragraph at lines 589--590

 []

[3 <./figures/dataset.jpg>]
Missing character: There is no â in font ptmr7t!
Missing character: There is no € in font ptmr7t!
Missing character: There is no “ in font ptmr7t!
Missing character: There is no â in font ptmr7t!
Missing character: There is no € in font ptmr7t!
Missing character: There is no “ in font ptmr7t!

<figures/UI_overview.jpg, id=24, 1245.65375pt x 729.72626pt>
File: figures/UI_overview.jpg Graphic file (type jpg)

<use figures/UI_overview.jpg>
Package pdftex.def Info: figures/UI_overview.jpg used on input line 685.
(pdftex.def)             Requested size: 252.94499pt x 148.18074pt.

Overfull \hbox (9.03374pt too wide) in paragraph at lines 685--686
 [][] 
 []

[4] <figures/drop_down_button.jpg, id=31, 1142.2675pt x 616.3025pt>
File: figures/drop_down_button.jpg Graphic file (type jpg)

<use figures/drop_down_button.jpg>
Package pdftex.def Info: figures/drop_down_button.jpg used on input line 698.
(pdftex.def)             Requested size: 252.94499pt x 136.47095pt.

Overfull \hbox (9.03374pt too wide) in paragraph at lines 698--699
 [][] 
 []


Underfull \hbox (badness 10000) in paragraph at lines 711--712

 []


Underfull \hbox (badness 4403) in paragraph at lines 713--714
[]\OT1/ptm/m/n/10 The sys-tem rec-om-mends 5 stocks with high-est
 []


Underfull \hbox (badness 10000) in paragraph at lines 713--714

 []

<figures/recommendation.jpg, id=32, 1147.28625pt x 629.35126pt>
File: figures/recommendation.jpg Graphic file (type jpg)

<use figures/recommendation.jpg>
Package pdftex.def Info: figures/recommendation.jpg used on input line 717.
(pdftex.def)             Requested size: 252.94499pt x 138.74579pt.

Overfull \hbox (9.03374pt too wide) in paragraph at lines 717--718
 [][] 
 []

<figures/search_button.jpg, id=33, 946.53625pt x 298.11375pt>
File: figures/search_button.jpg Graphic file (type jpg)

<use figures/search_button.jpg>
Package pdftex.def Info: figures/search_button.jpg used on input line 729.
(pdftex.def)             Requested size: 252.94499pt x 79.6639pt.

Overfull \hbox (9.03374pt too wide) in paragraph at lines 729--730
 [][] 
 []

<figures/info_button.png, id=34, 938.50626pt x 381.425pt>
File: figures/info_button.png Graphic file (type png)

<use figures/info_button.png>
Package pdftex.def Info: figures/info_button.png used on input line 745.
(pdftex.def)             Requested size: 252.94499pt x 102.79988pt.

Overfull \hbox (9.03374pt too wide) in paragraph at lines 745--746
 [][] 
 []


LaTeX Warning: `!h' float specifier changed to `!ht'.

<figures/line_chart.png, id=36, 721.69624pt x 370.38374pt>
File: figures/line_chart.png Graphic file (type png)

<use figures/line_chart.png>
Package pdftex.def Info: figures/line_chart.png used on input line 753.
(pdftex.def)             Requested size: 252.94499pt x 129.81145pt.

Overfull \hbox (9.03374pt too wide) in paragraph at lines 753--754
 [][] 
 []


LaTeX Warning: `!h' float specifier changed to `!ht'.


Underfull \hbox (badness 10000) in paragraph at lines 758--759

 []

[5 <./figures/UI_overview.jpg> <./figures/drop_down_button.jpg> <./figures/reco
mmendation.jpg> <./figures/search_button.jpg>]
Underfull \hbox (badness 10000) in paragraph at lines 775--776

 []


Underfull \hbox (badness 10000) in paragraph at lines 778--780

 []


Underfull \hbox (badness 10000) in paragraph at lines 782--783

 []


Overfull \hbox (3.19589pt too wide) in paragraph at lines 785--786
[]\OT1/ptm/m/n/10 var cell=document.getElementById("t02").rows[a].cells; 
 []


Overfull \hbox (11.3963pt too wide) in paragraph at lines 789--790
[]\OT1/ptm/m/n/10 We use xml-http.open("GET","http://localhost/plot[]400[]30 
 []


Underfull \hbox (badness 10000) in paragraph at lines 789--790
\OT1/ptm/m/n/10 0.php?symbol="+value,true) func-tion to call the
 []


Underfull \hbox (badness 10000) in paragraph at lines 789--790

 []


Underfull \hbox (badness 10000) in paragraph at lines 799--800

 []

[6 <./figures/info_button.png> <./figures/line_chart.png>]
Underfull \hbox (badness 1616) in paragraph at lines 802--803
\OT1/ptm/m/n/10 of our rec-om-men-da-tion. With this cri-te-rion, sim-i-lar-ity

 []


Underfull \hbox (badness 10000) in paragraph at lines 802--803

 []


Underfull \hbox (badness 10000) in paragraph at lines 804--805

 []

<figures/JSM.png, id=45, 378.66469pt x 259.7203pt>
File: figures/JSM.png Graphic file (type png)
 <use figures/JSM.png>
Package pdftex.def Info: figures/JSM.png used on input line 808.
(pdftex.def)             Requested size: 216.81pt x 148.70789pt.

Underfull \hbox (badness 10000) in paragraph at lines 816--817

 []

<figures/IEP.png, id=46, 377.15906pt x 258.9675pt>
File: figures/IEP.png Graphic file (type png)
 <use figures/IEP.png>
Package pdftex.def Info: figures/IEP.png used on input line 820.
(pdftex.def)             Requested size: 216.81pt x 148.86562pt.


LaTeX Warning: `!h' float specifier changed to `!ht'.

<figures/CTRP.png, id=47, 377.91188pt x 258.21469pt>
File: figures/CTRP.png Graphic file (type png)
 <use figures/CTRP.png>
Package pdftex.def Info: figures/CTRP.png used on input line 829.
(pdftex.def)             Requested size: 216.81pt x 148.13737pt.


LaTeX Warning: `!h' float specifier changed to `!ht'.

<figures/BDSI.png, id=48, 379.4175pt x 257.46187pt>
File: figures/BDSI.png Graphic file (type png)
 <use figures/BDSI.png>
Package pdftex.def Info: figures/BDSI.png used on input line 838.
(pdftex.def)             Requested size: 216.81pt x 147.12405pt.


LaTeX Warning: `!h' float specifier changed to `!ht'.

<figures/CZNC.png, id=49, 380.92313pt x 257.46187pt>
File: figures/CZNC.png Graphic file (type png)
 <use figures/CZNC.png>
Package pdftex.def Info: figures/CZNC.png used on input line 850.
(pdftex.def)             Requested size: 216.81pt x 146.53871pt.


LaTeX Warning: `!h' float specifier changed to `!ht'.

<figures/STRM.png, id=50, 380.92313pt x 256.70906pt>
File: figures/STRM.png Graphic file (type png)
 <use figures/STRM.png>
Package pdftex.def Info: figures/STRM.png used on input line 859.
(pdftex.def)             Requested size: 216.81pt x 146.11023pt.


LaTeX Warning: `!h' float specifier changed to `!ht'.

<figures/OCLR.png, id=51, 379.4175pt x 258.9675pt>
File: figures/OCLR.png Graphic file (type png)
 <use figures/OCLR.png>
Package pdftex.def Info: figures/OCLR.png used on input line 868.
(pdftex.def)             Requested size: 216.81pt x 147.98444pt.


LaTeX Warning: `!h' float specifier changed to `!ht'.


Underfull \hbox (badness 10000) in paragraph at lines 876--877

 []

[7 <./figures/JSM.png> <./figures/IEP.png> <./figures/CTRP.png> <./figures/BDSI
.png>] <figures/SPAR.png, id=60, 378.66469pt x 255.95625pt>
File: figures/SPAR.png Graphic file (type png)

<use figures/SPAR.png>
Package pdftex.def Info: figures/SPAR.png used on input line 880.
(pdftex.def)             Requested size: 216.81pt x 146.5527pt.


LaTeX Warning: `!h' float specifier changed to `!ht'.

<figures/CIFC.png, id=61, 379.4175pt x 256.70906pt>
File: figures/CIFC.png Graphic file (type png)
 <use figures/CIFC.png>
Package pdftex.def Info: figures/CIFC.png used on input line 889.
(pdftex.def)             Requested size: 216.81pt x 146.69388pt.


LaTeX Warning: `!h' float specifier changed to `!ht'.

<figures/PLAB.png, id=62, 378.66469pt x 255.95625pt>
File: figures/PLAB.png Graphic file (type png)
 <use figures/PLAB.png>
Package pdftex.def Info: figures/PLAB.png used on input line 898.
(pdftex.def)             Requested size: 216.81pt x 146.5527pt.


LaTeX Warning: `!h' float specifier changed to `!ht'.


Underfull \hbox (badness 10000) in paragraph at lines 906--907

 []

[8 <./figures/CZNC.png> <./figures/STRM.png> <./figures/OCLR.png> <./figures/SP
AR.png> <./figures/CIFC.png> <./figures/PLAB.png>]
Underfull \hbox (badness 1688) in paragraph at lines 911--912
\OT1/ptm/m/n/10 frame-work for mul-ti-ple events to pre-dict two stocks'
 []


Underfull \hbox (badness 2846) in paragraph at lines 911--912
\OT1/ptm/m/n/10 ob-jec-tive stocks from the screen-ing re-sults by three
 []


Underfull \hbox (badness 10000) in paragraph at lines 911--912

 []

** WARNING: Ignoring useless \section in Appendix (line 1013).

Underfull \hbox (badness 10000) in paragraph at lines 1015--1016

 []


Underfull \hbox (badness 10000) in paragraph at lines 1020--1021

 []


Underfull \hbox (badness 5954) in paragraph at lines 1022--1023
[]\OT1/ptm/m/n/10 The project doc-u-ment has three fold-ers: J2EE
 []


Underfull \hbox (badness 10000) in paragraph at lines 1022--1023

 []


Underfull \hbox (badness 10000) in paragraph at lines 1027--1028

 []


Underfull \hbox (badness 10000) in paragraph at lines 1035--1036

 []

<figures/j2ee.jpg, id=72, 390.45876pt x 315.1775pt>
File: figures/j2ee.jpg Graphic file (type jpg)
 <use figures/j2ee.jpg>
Package pdftex.def Info: figures/j2ee.jpg used on input line 1039.
(pdftex.def)             Requested size: 252.94499pt x 204.17522pt.

Overfull \hbox (9.03374pt too wide) in paragraph at lines 1039--1040
 [][] 
 []


Underfull \hbox (badness 10000) in paragraph at lines 1044--1046

 []


Underfull \hbox (badness 10000) in paragraph at lines 1049--1050

 []

[9 <./figures/j2ee.jpg>]
Underfull \hbox (badness 10000) in paragraph at lines 1053--1054

 []

<figures/server.jpg, id=76, 698.61pt x 195.73125pt>
File: figures/server.jpg Graphic file (type jpg)
 <use figures/server.jpg>
Package pdftex.def Info: figures/server.jpg used on input line 1057.
(pdftex.def)             Requested size: 252.94499pt x 70.86937pt.

Overfull \hbox (9.03374pt too wide) in paragraph at lines 1057--1058
 [][] 
 []

(./bare_conf.bbl
Underfull \hbox (badness 2961) in paragraph at lines 48--53
[]\OT1/ptm/m/n/9 Daniel S. Kaster Cae-tano Traina Jr. Mar-cos Vini-cius
 []

./bare_conf.bbl:57: Misplaced alignment tab character &.
l.57   system:a case study on the bm&
                                     f bovespa}.
I can't figure out why you would want to use a tab mark
here. If you just want an ampersand, the remedy is
simple: Just type `I\&' now. But if some right brace
up above has ended a previous alignment prematurely,
you're probably due for more error messages, and you
might try typing `S' now just to see what is salvageable.

)

** Conference Paper **
Before submitting the final camera ready copy, remember to:

 1. Manually equalize the lengths of two columns on the last page
 of your paper;

 2. Ensure that any PostScript and/or PDF output post-processing
 uses only Type 1 fonts and that every step in the generation
 process uses the appropriate paper size.

[10 <./figures/server.jpg>] (./bare_conf.aux) ) 
Here is how much of TeX's memory you used:
 3493 strings out of 493315
 52843 string characters out of 6137905
 124095 words of memory out of 5000000
 6888 multiletter control sequences out of 15000+600000
 36781 words of font info for 68 fonts, out of 8000000 for 9000
 960 hyphenation exceptions out of 8191
 38i,10n,43p,1015b,403s stack positions out of 5000i,500n,10000p,200000b,80000s
{/usr/local/texlive/2013/texmf-d
ist/fonts/enc/dvips/base/8r.enc}</usr/local/texlive/2013/texmf-dist/fonts/type1
/public/amsfonts/cm/cmex10.pfb></usr/local/texlive/2013/texmf-dist/fonts/type1/
public/amsfonts/cm/cmmi10.pfb></usr/local/texlive/2013/texmf-dist/fonts/type1/p
ublic/amsfonts/cm/cmmi7.pfb></usr/local/texlive/2013/texmf-dist/fonts/type1/pub
lic/amsfonts/cm/cmr10.pfb></usr/local/texlive/2013/texmf-dist/fonts/type1/publi
c/amsfonts/cm/cmr5.pfb></usr/local/texlive/2013/texmf-dist/fonts/type1/public/a
msfonts/cm/cmr7.pfb></usr/local/texlive/2013/texmf-dist/fonts/type1/public/amsf
onts/cm/cmsy10.pfb></usr/local/texlive/2013/texmf-dist/fonts/type1/public/amsfo
nts/cm/cmsy7.pfb></usr/local/texlive/2013/texmf-dist/fonts/type1/urw/times/utmb
8a.pfb></usr/local/texlive/2013/texmf-dist/fonts/type1/urw/times/utmbi8a.pfb></
usr/local/texlive/2013/texmf-dist/fonts/type1/urw/times/utmr8a.pfb></usr/local/
texlive/2013/texmf-dist/fonts/type1/urw/times/utmri8a.pfb>
Output written on bare_conf.pdf (10 pages, 986185 bytes).
PDF statistics:
 120 PDF objects out of 1000 (max. 8388607)
 62 compressed objects within 1 object stream
 0 named destinations out of 1000 (max. 500000)
 106 words of extra memory for PDF output out of 10000 (max. 10000000)

